<?xml version="1.0" encoding="utf-8"?><testsuites name="pytest tests"><testsuite name="pytest" errors="0" failures="0" skipped="0" tests="39" time="33.497" timestamp="2026-04-24T10:42:34.449805+00:00" hostname="agent-env-9b4c8ec1-3ea0-49b6-9ddd-90ad8cb7a3a2"><testcase classname="backend.tests.test_humops_backend.TestAuth" name="test_root" time="0.278" /><testcase classname="backend.tests.test_humops_backend.TestAuth" name="test_login_admin" time="0.348" /><testcase classname="backend.tests.test_humops_backend.TestAuth" name="test_me" time="0.120" /><testcase classname="backend.tests.test_humops_backend.TestAuth" name="test_login_bad" time="0.343" /><testcase classname="backend.tests.test_humops_backend.TestAuth" name="test_register_volunteer" time="0.365" /><testcase classname="backend.tests.test_humops_backend.TestNeeds" name="test_list_needs_sorted" time="0.109" /><testcase classname="backend.tests.test_humops_backend.TestNeeds" name="test_top_need_is_flood" time="0.139" /><testcase classname="backend.tests.test_humops_backend.TestNeeds" name="test_priority_scoring_range" time="0.094" /><testcase classname="backend.tests.test_humops_backend.TestNeeds" name="test_create_need_returns_priority" time="0.209" /><testcase classname="backend.tests.test_humops_backend.TestNeeds" name="test_priority_higher_for_urgent" time="0.201" /><testcase classname="backend.tests.test_humops_backend.TestNeeds" name="test_create_need_requires_auth" time="0.098" /><testcase classname="backend.tests.test_humops_backend.TestNeeds" name="test_patch_need_admin" time="0.317" /><testcase classname="backend.tests.test_humops_backend.TestNeeds" name="test_reprioritize" time="0.097" /><testcase classname="backend.tests.test_humops_backend.TestVolunteers" name="test_list" time="0.093" /><testcase classname="backend.tests.test_humops_backend.TestVolunteers" name="test_leaderboard" time="0.093" /><testcase classname="backend.tests.test_humops_backend.TestResources" name="test_list" time="0.140" /><testcase classname="backend.tests.test_humops_backend.TestResources" name="test_shortages_seeded" time="0.108" /><testcase classname="backend.tests.test_humops_backend.TestResources" name="test_create_resource_donor_role_blocked_citizen" time="0.432" /><testcase classname="backend.tests.test_humops_backend.TestResources" name="test_create_resource_admin" time="0.149" /><testcase classname="backend.tests.test_humops_backend.TestMatching" name="test_suggest" time="0.204" /><testcase classname="backend.tests.test_humops_backend.TestMatching" name="test_auto_assign" time="0.435" /><testcase classname="backend.tests.test_humops_backend.TestMatching" name="test_explain_ai" time="9.765" /><testcase classname="backend.tests.test_humops_backend.TestMissions" name="test_mission_flow" time="0.862" /><testcase classname="backend.tests.test_humops_backend.TestCitizenReports" name="test_submit_public" time="1.922" /><testcase classname="backend.tests.test_humops_backend.TestCitizenReports" name="test_list_reports_admin" time="0.107" /><testcase classname="backend.tests.test_humops_backend.TestCitizenReports" name="test_list_reports_forbidden_citizen" time="0.114" /><testcase classname="backend.tests.test_humops_backend.TestDashboard" name="test_stats" time="0.105" /><testcase classname="backend.tests.test_humops_backend.TestDashboard" name="test_heatmap" time="0.107" /><testcase classname="backend.tests.test_humops_backend.TestDashboard" name="test_analytics_overview" time="0.106" /><testcase classname="backend.tests.test_humops_backend.TestDashboard" name="test_audit_log_admin" time="0.108" /><testcase classname="backend.tests.test_humops_backend.TestDashboard" name="test_audit_log_forbidden_citizen" time="0.102" /><testcase classname="backend.tests.test_humops_backend.TestDisaster" name="test_toggle_and_reprioritize" time="0.525" /><testcase classname="backend.tests.test_humops_backend.TestDisaster" name="test_disaster_toggle_forbidden_citizen" time="0.115" /><testcase classname="backend.tests.test_humops_backend.TestAI" name="test_ai_insight" time="4.766" /><testcase classname="backend.tests.test_humops_backend.TestAI" name="test_ai_insight_requires_auth" time="0.122" /><testcase classname="backend.tests.test_humops_backend.TestAI" name="test_ai_forecast_admin" time="9.667" /><testcase classname="backend.tests.test_humops_backend.TestAI" name="test_ai_forecast_forbidden_citizen" time="0.130" /><testcase classname="backend.tests.test_humops_backend.TestRBAC" name="test_citizen_cannot_reprioritize" time="0.104" /><testcase classname="backend.tests.test_humops_backend.TestRBAC" name="test_citizen_cannot_patch_need" time="0.239" /></testsuite></testsuites>